<?xml version="1.0" encoding="UTF-8"?>
<!-- Generated by org.testng.reporters.JUnitReportReporter -->
<testsuite skipped="0" hostname="BNGTSI50035558" name="com.newtours.qa.pages.Basicpagefactory" tests="1" failures="0" timestamp="04 Jan 2019 09:51:03 GMT" time="18.478" errors="0">
  <testcase name="lauchBrowser" time="18.478" classname="com.newtours.qa.pages.Basicpagefactory"/>
</testsuite> <!-- com.newtours.qa.pages.Basicpagefactory -->
