<?xml version="1.0" encoding="UTF-8"?>
<!-- Generated by org.testng.reporters.JUnitReportReporter -->
<testsuite skipped="0" hostname="BNGTSI50035558" name="com.newtours.qa.testcases.RegisterPageTest" tests="3" failures="0" timestamp="21 Apr 2019 17:14:02 GMT" time="36.811" errors="0">
  <testcase name="clickOnregisterLinkTest" time="12.556" classname="com.newtours.qa.testcases.RegisterPageTest"/>
  <testcase name="clickOnregisterLinkTest" time="11.738" classname="com.newtours.qa.testcases.RegisterPageTest"/>
  <testcase name="clickOnregisterLinkTest" time="12.517" classname="com.newtours.qa.testcases.RegisterPageTest"/>
</testsuite> <!-- com.newtours.qa.testcases.RegisterPageTest -->
