<?xml version="1.0" encoding="UTF-8"?>
<!-- Generated by org.testng.reporters.JUnitReportReporter -->
<testsuite skipped="0" hostname="BNGTSI50035558" name="com.newtours.qa.testcases.FlightsPageTest" tests="3" failures="0" timestamp="21 Apr 2019 17:14:02 GMT" time="63.862" errors="0">
  <testcase name="clickBusinessclassBtnTest" time="29.228" classname="com.newtours.qa.testcases.FlightsPageTest"/>
  <testcase name="validateFlightsPageTitleTest" time="17.085" classname="com.newtours.qa.testcases.FlightsPageTest"/>
  <testcase name="clickOneWayRadioBtnTest" time="17.549" classname="com.newtours.qa.testcases.FlightsPageTest"/>
</testsuite> <!-- com.newtours.qa.testcases.FlightsPageTest -->
