<?xml version="1.0" encoding="UTF-8"?>
<!-- Generated by org.testng.reporters.JUnitReportReporter -->
<testsuite skipped="0" hostname="BNGTSI50035558" name="com.newtours.qa.testcases.DestinationsPageTest" tests="1" failures="0" timestamp="21 Apr 2019 17:14:02 GMT" time="17.028" errors="0">
  <testcase name="validatedestinationsPageTitleTest" time="17.028" classname="com.newtours.qa.testcases.DestinationsPageTest"/>
</testsuite> <!-- com.newtours.qa.testcases.DestinationsPageTest -->
