<?xml version="1.0" encoding="UTF-8"?>
<!-- Generated by org.testng.reporters.JUnitReportReporter -->
<testsuite skipped="0" hostname="BNGTSI50035558" name="com.newtours.qa.testcases.DestinationsPageTest" tests="1" failures="0" timestamp="21 Feb 2019 13:13:31 GMT" time="41.134" errors="0">
  <testcase name="validatedestinationsPageTitleTest" time="41.134" classname="com.newtours.qa.testcases.DestinationsPageTest"/>
</testsuite> <!-- com.newtours.qa.testcases.DestinationsPageTest -->
