<?xml version="1.0" encoding="UTF-8"?>
<!-- Generated by org.testng.reporters.JUnitReportReporter -->
<testsuite skipped="0" hostname="BNGTSI50035558" name="com.newtours.qa.testcases.RegisterPageTest" tests="3" failures="0" timestamp="21 Feb 2019 13:13:31 GMT" time="40.997" errors="0">
  <testcase name="clickOnregisterLinkTest" time="14.235" classname="com.newtours.qa.testcases.RegisterPageTest"/>
  <testcase name="clickOnregisterLinkTest" time="12.924" classname="com.newtours.qa.testcases.RegisterPageTest"/>
  <testcase name="clickOnregisterLinkTest" time="13.838" classname="com.newtours.qa.testcases.RegisterPageTest"/>
</testsuite> <!-- com.newtours.qa.testcases.RegisterPageTest -->
